0:100  0:100  MemLog inited, TSC freq: 2208061520
0:100  0:000  CPU was calibrated with RTC
0:100  0:000  
0:100  0:000  Now is 19.12.2018,  8:29:31 (GMT)
0:100  0:000  Starting Clover revision: 4807 on HP EFI
0:100  0:000  Build with: [Args: -mc --no-usb -D NO_GRUB_DRIVERS_EMBEDDED -t XCODE8 | -D DISABLE_USB_SUPPORT -D NO_GRUB_DRIVERS_EMBEDDED --conf=/Users/flex/src/edk2/Conf -D USE_BIOS_BLOCKIO -D USE_LOW_EBDA -a X64 -b RELEASE -t XCODE8 -n 5 | OS: 10.14.3 | XCODE: 10.1]
0:100  0:000  SelfDevicePath=PciRoot(0x0)\Pci(0x17,0x0)\Sata(0x4,0xFFFF,0x0)\HD(1,GPT,729F2162-A105-4FE4-BB60-D301FEBC8A89,0x800,0x7D000) @8AE1DF98
0:100  0:000  SelfDirPath = \EFI\BOOT
0:100  0:000  === [ Get Smbios ] ========================================
0:100  0:000  Type 16 Index = 0
0:100  0:000  Total Memory Slots Count = 2
0:100  0:000  Type 17 Index = 0
0:100  0:000  SmbiosTable.Type17->Speed = 2667MHz
0:100  0:000  SmbiosTable.Type17->Size = 8192MB
0:100  0:000  SmbiosTable.Type17->Bank/Device = ChannelA Bottom-Slot 1(left)
0:100  0:000  SmbiosTable.Type17->Vendor = Micron
0:100  0:000  SmbiosTable.Type17->SerialNumber = 1B758B94
0:100  0:000  SmbiosTable.Type17->PartNumber = 8ATF1G64HZ-2G6E1    
0:100  0:000  Type 17 Index = 1
0:100  0:000  SmbiosTable.Type17->Speed = 2667MHz
0:100  0:000  SmbiosTable.Type17->Size = 8192MB
0:100  0:000  SmbiosTable.Type17->Bank/Device = ChannelB Bottom-Slot 2(right)
0:100  0:000  SmbiosTable.Type17->Vendor = Micron
0:100  0:000  SmbiosTable.Type17->SerialNumber = 182D74A0
0:100  0:000  SmbiosTable.Type17->PartNumber = 8ATF1G64HZ-2G6H1    
0:100  0:000  Boot status=0
0:100  0:000  Running on: 'HP EIiteBook 1050 G1' with board '84E9'
0:100  0:000  === [ GetCPUProperties ] ==================================
0:100  0:000  CPU Vendor = 756E6547 Model=906EA
0:100  0:000   The CPU supported SSE4.1
0:100  0:000  BrandString = Intel(R) Core(TM) i7-8750H CPU @ 2.20GHz
0:100  0:000   The CPU supported turbo
0:100  0:000  MSR 0x35               6000C
0:100  0:000   TSC/CCC Information Leaf:
0:100  0:000    numerator     : 184
0:100  0:000    denominator   : 2
0:100  0:000   Calibrated ARTFrequency: 24000668
0:100  0:000  MSR 0xE2 before patch 1E008008
0:100  0:000  MSR 0xE2 is locked, PM patches will be turned on
0:100  0:000  MSR 0xCE              0008083B_F1011600
0:100  0:000  corrected FLEX_RATIO = 0
0:100  0:000  MSR 0x1B0             00000000
0:100  0:000  FSBFrequency = 95 MHz, DMI FSBFrequency = 100 MHz, Corrected FSBFrequency = 100 MHz
0:100  0:000  MaxDiv/MinDiv: 22.0/8
0:100  0:000  Turbo: 40/40/41/41
0:100  0:000  Features: 0xBFEBFBFF
0:100  0:000  Threads: 12
0:100  0:000  Cores: 6
0:100  0:000  FSB: 100 MHz
0:100  0:000  CPU: 2079 MHz
0:100  0:000  TSC: 2079 MHz
0:100  0:000  PIS: 100 MHz
0:100  0:000  ExternalClock: 25 MHz
0:100  0:000  === [ GetDevices ] ========================================
0:100  0:000  PCI (00|00:00.00) : 8086 3EC4 class=060000
0:100  0:000  PCI (00|00:02.00) : 8086 3E9B class=030000
0:100  0:000   - GFX: Model=Intel UHD Graphics 630 (Intel)
0:101  0:000  PCI (00|00:12.00) : 8086 A379 class=118000
0:101  0:000  PCI (00|00:13.00) : 8086 A37C class=070000
0:101  0:000  PCI (00|00:14.00) : 8086 A36D class=0C0330
0:101  0:000  PCI (00|00:14.02) : 8086 A36F class=050000
0:101  0:000  PCI (00|00:14.03) : 8086 A370 class=028000
0:101  0:000   - WIFI: Vendor=Intel
0:101  0:000  PCI (00|00:15.00) : 8086 A368 class=0C8000
0:101  0:000  PCI (00|00:15.01) : 8086 A369 class=0C8000
0:101  0:000  PCI (00|00:16.00) : 8086 A360 class=078000
0:101  0:000  PCI (00|00:17.00) : 8086 A353 class=010601
0:101  0:000  PCI (00|00:1C.00) : 8086 A33A class=060400
0:101  0:000  PCI (00|01:00.00) : 10EC 525A class=FF0000
0:101  0:000  PCI (00|00:1C.04) : 8086 A33C class=060400
0:101  0:000  PCI (00|03:00.00) : 8086 15EA class=060400
0:101  0:000  PCI (00|04:00.00) : 8086 15EA class=060400
0:101  0:000  PCI (00|04:01.00) : 8086 15EA class=060400
0:101  0:000  PCI (00|04:02.00) : 8086 15EA class=060400
0:101  0:000  PCI (00|39:00.00) : 8086 15EC class=0C0330
0:101  0:000  PCI (00|04:04.00) : 8086 15EA class=060400
0:101  0:000  PCI (00|00:1D.00) : 8086 A330 class=060400
0:101  0:000  PCI (00|6E:00.00) : 144D A804 class=010802
0:101  0:000  PCI (00|00:1F.00) : 8086 A30E class=060100
0:101  0:000  PCI (00|00:1F.03) : 8086 A348 class=040380
0:101  0:000  PCI (00|00:1F.04) : 8086 A323 class=0C0500
0:101  0:000  PCI (00|00:1F.05) : 8086 A324 class=0C8000
0:101  0:000  === [ GetDefaultSettings ] ================================
0:101  0:000  Clover load options size = 16 bytes
0:103  0:001  EFI\CLOVER\N¨ÅüYMÖ‚R,Y.plist not loaded with name from LoadOptions: Invalid Parameter
0:104  0:001  EFI\CLOVER\config.plist loaded: Success
0:104  0:000  === [ GetListOfThemes ] ===================================
0:105  0:000  - [00]: black_green
0:106  0:001  - [01]: embedded
0:107  0:000  - [01]: random
0:107  0:000  === [ Found config plists ] ===============================
0:107  0:000  - config.plist
0:107  0:000  - config-bat.plist
0:107  0:000  - configÑ1219.plist
0:107  0:000  === [ GetEarlyUserSettings ] ==============================
0:107  0:000  Custom boot CUSTOM_BOOT_DISABLED (0x0)
0:107  0:000  KextsToPatch: 13 requested
0:107  0:000   - [00]: com.apple.driver.AppleBacklight (change F%uT%04x to F%uTxxxx in AppleBacklightInjector.kext (credit RehabMan)) :: BinPatch :: data len: 9
0:107  0:000   - patch disabled at config
0:107  0:000   - [01]: com.apple.driver.AppleIntelBDWGraphicsFramebuffer (Disable minStolenSize less or equal fStolenMemorySize assertion, 10.10.x (based on Austere.J patch)) :: MatchOS: 10.10.x :: BinPatch :: data len: 4
0:107  0:000   - patch disabled at config
0:107  0:000   - [02]: com.apple.driver.AppleIntelBDWGraphicsFramebuffer (Disable minStolenSize less or equal fStolenMemorySize assertion, 10.11.beta (based on Austere.J patch)) :: MatchOS: 10.11.x :: BinPatch :: data len: 5
0:107  0:000   - patch disabled at config
0:107  0:000   - [03]: com.apple.driver.AppleIntelBDWGraphicsFramebuffer (Disable minStolenSize less or equal fStolenMemorySize assertion, 10.12.0 (based on Austere.J patch)) :: MatchOS: 10.12.x :: BinPatch :: data len: 7
0:107  0:000   - patch disabled at config
0:107  0:000   - [04]: com.apple.driver.AppleIntelBDWGraphicsFramebuffer (Disable minStolenSize less or equal fStolenMemorySize assertion, 10.13.0/1 (credit PMHeart)) :: MatchOS: 10.13.0,10.13.1 :: BinPatch :: data len: 6
0:107  0:000   - patch disabled at config
0:107  0:000   - [05]: com.apple.driver.AppleIntelBDWGraphicsFramebuffer (Disable minStolenSize less or equal fStolenMemorySize assertion, 10.13.2/3/4 (credit RehabMan)) :: MatchOS: 10.13.2,10.13.3,10.13.4 :: BinPatch :: data len: 6
0:107  0:000   - patch disabled at config
0:107  0:000   - [06]: com.apple.driver.AppleIntelSKLGraphicsFramebuffer (Disable minStolenSize less or equal fStolenMemorySize assertion, 10.11.4 (based on Austere.J patch)) :: MatchOS: 10.11.x :: BinPatch :: data len: 5
0:107  0:000   - patch disabled at config
0:107  0:000   - [07]: com.apple.driver.AppleIntelSKLGraphicsFramebuffer (Disable minStolenSize less or equal fStolenMemorySize assertion, 10.12.0 (based on Austere.J patch)) :: MatchOS: 10.12.x :: BinPatch :: data len: 7
0:107  0:000   - patch disabled at config
0:107  0:000   - [08]: com.apple.driver.AppleIntelSKLGraphicsFramebuffer (Disable minStolenSize less or equal fStolenMemorySize assertion, 10.13.0/1 (credit PMHeart)) :: MatchOS: 10.13.0,10.13.1 :: BinPatch :: data len: 6
0:107  0:000   - patch disabled at config
0:107  0:000   - [09]: com.apple.driver.AppleIntelSKLGraphicsFramebuffer (Disable minStolenSize less or equal fStolenMemorySize assertion, 10.13.2/3 (credit PMHeart, , shdkpr2008)) :: MatchOS: 10.13.2,10.13.3,10.13.4 :: BinPatch :: data len: 6
0:107  0:000   - patch disabled at config
0:107  0:000   - [10]: com.apple.driver.AppleIntelKBLGraphicsFramebuffer (Disable minStolenSize less or equal fStolenMemorySize assertion, 10.13.0/1 (credit PMHeart)) :: MatchOS: 10.13.0,10.13.1 :: BinPatch :: data len: 6
0:107  0:000   - patch disabled at config
0:107  0:000   - [11]: com.apple.driver.AppleIntelKBLGraphicsFramebuffer (Disable minStolenSize less or equal fStolenMemorySize assertion, 10.13.2/3 (credit RehabMan)) :: MatchOS: 10.13.2,10.13.3,10.13.4 :: BinPatch :: data len: 6
0:107  0:000   - patch disabled at config
0:107  0:000   - [12]: AppleUSBXHCI (USB Port Limit Patch ¬©PMHeart) :: BinPatch :: data len: 10
0:107  0:000  Default theme: black_green
0:107  0:000  Hiding entries with string Preboot
0:107  0:000  Hiding entries with string Recovery
0:107  0:000  Hiding entries with string Windows
0:107  0:000  Hiding entries with string Install
0:107  0:000  === [ LoadDrivers ] =======================================
0:108  0:000  Loading EmuVariableUefi-64.efi  status=Success
0:109  0:001  EmuVariableUefi Initialize: VariableCommonInitialize = Success, orig services stored, install gEmuVariableControlProtocolGuid = Success
0:110  0:000  Loading AppleImageCodec-64.efi  status=Success
0:111  0:001  Loading FSInject-64.efi  status=Success
0:113  0:001  Loading FirmwareVolume-64.efi  status=Success
0:114  0:001  Loading SMCHelper-64.efi  status=Success
0:115  0:001  Loading HFSPlus-64.efi  status=Success
0:116  0:001   - driver needs connecting
0:116  0:000  Loading NTFS.efi  status=Success
0:117  0:001   - driver needs connecting
0:117  0:000  Loading ApfsDriverLoader-64.efi  status=Success
0:118  0:000   - driver needs connecting
0:118  0:000  Loading DataHubDxe-64.efi  status=Success
0:120  0:001  Loading Fat-64.efi  status=Success
0:121  0:001   - driver needs connecting
0:121  0:000  Loading NvmExpressDxe-64.efi  status=Success
0:123  0:001   - driver needs connecting
0:123  0:000  Loading OsxAptioFixDrv-64.efi  status=Success
0:124  0:001  5 drivers needs connecting ...
0:124  0:000  PlatformDriverOverrideProtocol not found. Installing ... Success
0:124  0:000  HFS+ driver loaded
0:124  0:000  APFS driver loaded
0:124  0:000  Searching for invalid DiskIo BY_DRIVER connects: not found, all ok
0:946  0:822  EmuVariable InstallEmulation: orig vars copied, emu.var.services installed, CreateEvent VirtualAddressChange = Success, CreateEvent ExitBootServices = Success, set Status=Success
1:036  0:089  === [ InitScreen ] ========================================
1:036  0:000  SetMaxResolution: found best mode 0: 1920x1080
1:036  0:000   - already set
1:036  0:000  Console modes reported: 4, available modes:
1:036  0:000   - [01]: 80x25
1:036  0:000   - [02]: 80x50
1:036  0:000   - [03]: 100x31
1:036  0:000   - [04]: 240x56 (current mode)
1:036  0:000  SetScreenResolution: 1920x1080 - already set
1:036  0:000  reinit: self device path=PciRoot(0x0)\Pci(0x17,0x0)\Sata(0x4,0xFFFF,0x0)\HD(1,GPT,729F2162-A105-4FE4-BB60-D301FEBC8A89,0x800,0x7D000)
1:036  0:000  === [ GetMacAddress ] =====================================
1:036  0:000  MAC address of LAN #0= 00:E0:4C:68:45:60:
1:036  0:000  MAC address of LAN #1= 00:E0:4C:68:45:60:
1:036  0:000  MAC address of LAN #2= 00:E0:4C:68:45:60:
1:036  0:000  MAC address of LAN #3= 00:E0:4C:68:45:60:
1:036  0:000  === [ ScanSPD ] ===========================================
1:036  0:000  Scanning SMBus [8086:A323], mmio: 0x4B106004, ioport: 0xEFA0, hostc: 0x11
1:056  0:019  Slot: 0 Type 26 8192MB 2666MHz Vendor=Micron Technology PartNo=8ATF1G64HZ-2G6E1 SerialNo=010B0705080B0904
1:076  0:019  Slot: 2 Type 26 8192MB 2666MHz Vendor=Micron Technology PartNo=8ATF1G64HZ-2G6H1 SerialNo=0108020D07040A00
1:077  0:001  === [ GetAcpiTablesList ] =================================
1:077  0:000  Get Acpi Tables List from RSDT:
1:077  0:000   - [00]: FACP  SLIC-BPC len=276
1:077  0:000   - [01]: SSDT  ShmTable len=298
1:077  0:000   - [02]: SSDT  CpuSsdt len=6940
1:077  0:000   - [03]: SSDT  CtdpB len=2511
1:077  0:000   - [04]: SSDT  PLT_RTD3 len=53626
1:077  0:000   - [05]: RTMA  _HBMART_ len=158
1:077  0:000   - [06]: SSDT  UcsiAcpi len=4995
1:077  0:000   - [07]: SSDT  UcsiCntr len=251
1:077  0:000   - [08]: HPET  84E9     len=56
1:077  0:000   - [09]: APIC  84E9     len=300
1:077  0:000   - [10]: MCFG  84E9     len=60
1:077  0:000   - [11]: MSDM  SLIC-BPC len=85
1:077  0:000   - [12]: WSMT  84E9     len=40
1:077  0:000   - [13]: SSDT  PtidDevc len=1862
1:077  0:000   - [14]: SSDT  HP_XHC_P len=2565
1:077  0:000   - [15]: SSDT  SaSsdt  len=12525
1:077  0:000   - [16]: LPIT  CFL len=92
1:077  0:000   - [17]: WSMT  CFL len=40
1:077  0:000   - [18]: SSDT  Wwan len=1256
1:077  0:000   - [19]: UEFI  CFL len=66
1:077  0:000   - [20]: NHLT  CFL      len=45
1:077  0:000   - [21]: DMAR  CFL      len=168
1:077  0:000   - [22]: SSDT  HPTBT len=24240
1:077  0:000   - [23]: SSDT  HPINNBWL len=5280
1:077  0:000   - [24]: SSDT  HPCONDEV len=50
1:077  0:000   - [25]: FPDT  CFL len=68
1:077  0:000   - [26]: BGRT  CFL len=56
1:077  0:000   - [27]: SSDT  PwrCtlEv len=761
1:077  0:000  Calibrated TSC Frequency = 2208061520 = 2208MHz
1:077  0:000  === [ GetUserSettings ] ===================================
1:077  0:000  USB FixOwnership: no
1:077  0:000   - final DSDT Fix mask=00060054
1:077  0:000  PatchesDSDT: 7 requested
1:077  0:000   - [00]: (change SAT0 to SATA) lenToFind: 4, lenToReplace: 4, Target Bridge: <null string>
1:077  0:000   - [01]: (change HECI to IMEI) lenToFind: 4, lenToReplace: 4, Target Bridge: <null string>
1:077  0:000   - [02]: (change HDAS to HDEF) lenToFind: 4, lenToReplace: 4, Target Bridge: <null string>
1:077  0:000   - [03]: (change EC0 to EC) lenToFind: 4, lenToReplace: 4, Target Bridge: <null string>
1:077  0:000   - [04]: (RTC fix) lenToFind: 8, lenToReplace: 8, Target Bridge: <null string>
1:077  0:000   - [05]: (change _OSI to XOSI) lenToFind: 4, lenToReplace: 4, Target Bridge: <null string>
1:077  0:000   - [06]: (change GFX0 to IGPU) lenToFind: 4, lenToReplace: 4, Target Bridge: <null string>
1:077  0:000  Using ProductName from config: MacBookPro15,2
1:077  0:000  Found same BiosVersion in clover and config
1:077  0:000  BiosVersion: MBP152.88Z.F000.B00.1809171524
1:077  0:000  BiosReleaseDate: 09/17/2018
1:077  0:000  Using EfiVersion from config: 220.200.252.0.0
1:077  0:000  Using FirmwareFeatures from config: 0xFC0FE137
1:077  0:000  Using FirmwareFeaturesMask from config: 0xFF1FFF3F
1:077  0:000  Board-ID set from config as Mac-827FB448E656EC26
1:077  0:000  BoardType: 0xA
1:077  0:000  ChassisType: 0x9
1:078  0:000  === [ Found DSDT tables ] =================================
1:079  0:000  - DSDT.aml
1:128  0:049  === [ ScanVolumes ] =======================================
1:128  0:000  Found 14 volumes with blockIO
1:128  0:000  - [00]: Volume: PciRoot(0x0)\Pci(0x17,0x0)\Sata(0x4,0xFFFF,0x0)
1:129  0:000  - [01]: Volume: PciRoot(0x0)\Pci(0x17,0x0)\Sata(0x4,0xFFFF,0x0)\HD(1,GPT,729F2162-A105-4FE4-BB60-D301FEBC8A89,0x800,0x7D000)
1:129  0:000          Result of bootcode detection: bootable Windows (win)
1:130  0:000          This is SelfVolume !!
1:130  0:000  - [02]: Volume: PciRoot(0x0)\Pci(0x17,0x0)\Sata(0x4,0xFFFF,0x0)\HD(2,GPT,82A108D3-AE37-4DFE-81D5-CE9A5DA3F94D,0x7D800,0xE336000)
1:130  0:000          Result of bootcode detection: bootable unknown (legacy)
1:130  0:000  - [03]: Volume: PciRoot(0x0)\Pci(0x17,0x0)\Sata(0x4,0xFFFF,0x0)\HD(3,GPT,308410A7-119B-48C0-9254-1A6778706487,0xE3B3800,0x2D62D000)
1:130  0:000          Result of bootcode detection: bootable Windows (vista,win)
1:296  0:165  - [04]: Volume: PciRoot(0x0)\Pci(0x1D,0x0)\Pci(0x0,0x0)\NVMe(0x1,E5-72-B0-81-B5-38-25-00)
1:296  0:000  - [05]: Volume: PciRoot(0x0)\Pci(0x1D,0x0)\Pci(0x0,0x0)\NVMe(0x1,E5-72-B0-81-B5-38-25-00)\HD(1,GPT,DC8BE41D-F10F-4140-9BB1-572F79FA2FDD,0x22,0x12BFDE)
1:296  0:000          Result of bootcode detection: bootable Windows (vista,win)
1:296  0:000  - [06]: Volume: PciRoot(0x0)\Pci(0x1D,0x0)\Pci(0x0,0x0)\NVMe(0x1,E5-72-B0-81-B5-38-25-00)\HD(2,GPT,24306606-959A-412A-8655-2644F159C04B,0x12C000,0x8000)
1:297  0:000  - [07]: Volume: PciRoot(0x0)\Pci(0x1D,0x0)\Pci(0x0,0x0)\NVMe(0x1,E5-72-B0-81-B5-38-25-00)\HD(3,GPT,2CA0DA50-0CBC-4CDE-A4F0-8C1C4947955C,0x134000,0x15B18E60)
1:297  0:000          Result of bootcode detection: bootable Windows (vista,win)
1:333  0:036  - [08]: Volume: PciRoot(0x0)\Pci(0x1D,0x0)\Pci(0x0,0x0)\NVMe(0x1,E5-72-B0-81-B5-38-25-00)\HD(4,GPT,1AAEF38C-8969-414B-AF13-07B059AD1D93,0x15C4D000,0x1BB000)
1:333  0:000          Result of bootcode detection: bootable Windows (vista,win)
1:342  0:008  - [09]: Volume: PciRoot(0x0)\Pci(0x1D,0x0)\Pci(0x0,0x0)\NVMe(0x1,E5-72-B0-81-B5-38-25-00)\HD(5,GPT,0B9FAF04-0E51-4065-B96C-63962FF43AC9,0x15E08800,0x7EEA000)
1:342  0:000          Result of bootcode detection: bootable unknown (legacy)
1:342  0:000  - [10]: Volume: PciRoot(0x0)\Pci(0x17,0x0)\Sata(0x4,0xFFFF,0x0)\HD(2,GPT,82A108D3-AE37-4DFE-81D5-CE9A5DA3F94D,0x7D800,0xE336000)\VenMedia(BE74FCF7-0B7C-49F3-9147-01F4042E6842,C55FB64E97865945B617D73257ADAB84)
1:342  0:000          hiding this volume
1:342  0:000  - [11]: Volume: PciRoot(0x0)\Pci(0x17,0x0)\Sata(0x4,0xFFFF,0x0)\HD(2,GPT,82A108D3-AE37-4DFE-81D5-CE9A5DA3F94D,0x7D800,0xE336000)\VenMedia(BE74FCF7-0B7C-49F3-9147-01F4042E6842,6590FC9C0C727345BE94C4741F8F8569)
1:342  0:000  - [12]: Volume: PciRoot(0x0)\Pci(0x17,0x0)\Sata(0x4,0xFFFF,0x0)\HD(2,GPT,82A108D3-AE37-4DFE-81D5-CE9A5DA3F94D,0x7D800,0xE336000)\VenMedia(BE74FCF7-0B7C-49F3-9147-01F4042E6842,9B704491666BB74684D084AEB42626D1)
1:342  0:000          hiding this volume
1:342  0:000  - [13]: Volume: PciRoot(0x0)\Pci(0x17,0x0)\Sata(0x4,0xFFFF,0x0)\HD(2,GPT,82A108D3-AE37-4DFE-81D5-CE9A5DA3F94D,0x7D800,0xE336000)\VenMedia(BE74FCF7-0B7C-49F3-9147-01F4042E6842,61AAD2664D0E3F4B929514BFBC1170D0)
1:357  0:015  PutNvramPlistToRtVars: nvram.plist not found
1:357  0:000  === [ InitTheme ] =========================================
1:358  0:000  Using theme 'black_green' (EFI\CLOVER\themes\black_green)
1:358  0:000  OS main and drive as badge
1:359  0:001  Loading font from ThemeDir: Success
1:360  0:000  theme inited
1:360  0:000  Chosen theme black_green
1:360  0:000  after NVRAM boot-args=dart=0 kext-dev-mode=1 -cdfon abm_firstpolldelay=8000
1:360  0:000  === [ Dump SMC keys from NVRAM ] ==========================
1:360  0:000  found AppleSMC protocol
1:361  0:000  Registered 0 SMC keys
1:361  0:000  === [ ScanLoader ] ========================================
1:361  0:000  - [01]: 'EFI'
1:383  0:022          AddLoaderEntry for Volume Name=EFI
1:383  0:000          skipped because entry is hidden
1:383  0:000  - [03]: 'ÈÄöÁî®'
1:622  0:238  - [05]: 'EFI'
1:623  0:001          AddLoaderEntry for Volume Name=EFI
1:642  0:018          AddLoaderEntry for Volume Name=EFI
1:642  0:000          skipped because entry is hidden
1:642  0:000  - [07]: 'WIN10'
1:768  0:126  - [08]: ''
1:903  0:135  - [10]: 'Preboot', hidden
1:903  0:000  - [11]: 'macOS'
2:097  0:193          AddLoaderEntry for Volume Name=macOS
2:136  0:038      hibernated: set as never
2:136  0:000          [!] Icon 18 (icons\vol_internal_apfs.icns) not found (path: EFI\CLOVER\themes\black_green)
2:247  0:111  - [12]: 'Recovery', hidden
2:247  0:000  - [13]: 'VM'
2:261  0:014  Scanning legacy ...
2:261  0:000   1: 'EFI' (win) add legacy
2:262  0:000   added 'Boot Windows from EFI' OSType=2 Icon=win
2:262  0:000   3: 'ÈÄöÁî®' (vista,win) add legacy
2:263  0:000   added 'Boot Windows from ÈÄöÁî®' OSType=2 Icon=vista,win
2:263  0:000   5: 'EFI' (vista,win) add legacy
2:263  0:000   added 'Boot Windows from EFI' OSType=2 Icon=vista,win
2:263  0:000   7: 'WIN10' (vista,win) add legacy
2:264  0:000   added 'Boot Windows from WIN10' OSType=2 Icon=vista,win
2:264  0:000   8: '' (vista,win) add legacy
2:264  0:000   added 'Boot Windows from ' OSType=2 Icon=vista,win
2:264  0:000  === [ AddCustomTool ] =====================================
2:265  0:000  found tool \EFI\CLOVER\tools\Shell64U.efi
2:265  0:000  Checking EFI partition Volume 5 for Clover
2:266  0:000  EmuVariable InstallEmulation: EFI_ALREADY_STARTED
2:266  0:000  === [ GetEfiBootDeviceFromNvram ] =========================
2:266  0:000  Default boot entry not found
2:266  0:000  EmuVariable UninstallEmulation: CloseEvent = Success, original var services restored
2:266  0:000  DefaultIndex=-1 and MainMenu.EntryCount=12
2:266  0:000  Use anime=Anim_1_Logo_IntroOutro frames=381
2:307  0:040   found 381 frames of the anime
2:307  0:000   Anime seems OK, init it
2:349  0:041  GUI ready
4:979  2:629  Found UEFI Acpi 2.0 RSDP at 8FC0E014
4:979  0:000  Saving ACPI tables from RSDP 8FC0E014 to EFI\CLOVER\ACPI\origin ...
4:979  0:000   8FC0E014: 'RSD PTR ', Rev: 2 (Acpi 2.0 or newer), Len: 36 -> RSDP.aml
4:996  0:016    (Xsdt: 8FBBE188, Rsdt: 8FBBE0C4)
4:996  0:000    8FBBE188: 'XSDT', 'SLIC-BPC', Rev: 1, Len: 260 -> XSDT.aml
5:010  0:014    8FBBE0C4: 'RSDT', 'SLIC-BPC', Rev: 1, Len: 148 -> RSDT.aml
5:025  0:014    Tables in Xsdt: 28
5:025  0:000    0. 8FBF5000: 'FACP', 'SLIC-BPC', Rev: 6, Len: 276 -> FACP.aml
5:039  0:014        (Dsdt: 8FBC8000, Facs: 8FB1B000, XDsdt: 8FBC8000, XFacs: 0)
5:039  0:000        8FBC8000: 'DSDT', '84E9', Rev: 2, Len: 160792 -> DSDT.aml
5:063  0:023        8FB1B000: 'FACS', Ver: 2, Len: 64 -> FACS.aml
5:078  0:014    1. 8FC0B000: 'SSDT', 'ShmTable', Rev: 2, Len: 298 -> SSDT-0-ShmTable.aml
5:092  0:014    2. 8FC09000: 'SSDT', 'CpuSsdt', Rev: 2, Len: 6940 -> SSDT-1-CpuSsdt.aml (Found hidden SSDT 9 pcs)
5:107  0:014        * 8F989198: 'SSDT', 'Cpu0Ist', Rev: 2, Len: 1277  53 53 44 54 FD 04 00 00 02 DE 50 6D 52 65 66 00 Internal length = 1277 -> SSDT-x1_0-Cpu0Ist.aml
5:121  0:014        * 8F926018: 'SSDT', 'ApIst', Rev: 2, Len: 1532  53 53 44 54 FC 05 00 00 02 23 50 6D 52 65 66 00 Internal length = 1532 -> SSDT-x1_1-ApIst.aml
5:136  0:015        * 8F926698: 'SSDT', 'Cpu0Cst', Rev: 2, Len: 1024  53 53 44 54 00 04 00 00 02 D9 50 6D 52 65 66 00 Internal length = 1024 -> SSDT-x1_2-Cpu0Cst.aml
5:151  0:014        * 8F927A98: 'SSDT', 'ApCst', Rev: 2, Len: 778  53 53 44 54 0A 03 00 00 02 E9 50 6D 52 65 66 00 Internal length = 778 -> SSDT-x1_3-ApCst.aml
5:165  0:014        * 8F989998: 'SSDT', 'Cpu0Hwp', Rev: 2, Len: 283  53 53 44 54 1B 01 00 00 02 61 50 6D 52 65 66 00 Internal length = 283 -> SSDT-x1_4-Cpu0Hwp.aml
5:180  0:014        * 8F989C18: 'SSDT', 'ApHwp', Rev: 2, Len: 791  53 53 44 54 17 03 00 00 02 E3 50 6D 52 65 66 00 Internal length = 791 -> SSDT-x1_5-ApHwp.aml
5:195  0:014        * 8F927018: 'SSDT', 'HwpLvt', Rev: 2, Len: 1828  53 53 44 54 24 07 00 00 02 CA 50 6D 52 65 66 00 Internal length = 1828 -> SSDT-x1_6-HwpLvt.aml
5:209  0:014        * 8F989818: 'SSDT', 'Cpu0Psd', Rev: 2, Len: 244  53 53 44 54 F4 00 00 00 02 37 50 6D 52 65 66 00 Internal length = 244 -> SSDT-x1_7-Cpu0Psd.aml
5:224  0:014        * 8F925018: 'SSDT', 'ApPsd', Rev: 2, Len: 2736  53 53 44 54 B0 0A 00 00 02 AB 50 6D 52 65 66 00 Internal length = 2736 -> SSDT-x1_8-ApPsd.aml
5:239  0:014  
5:239  0:000    3. 8FC08000: 'SSDT', 'CtdpB', Rev: 2, Len: 2511 -> SSDT-2-CtdpB.aml
5:253  0:014    4. 8FBFA000: 'SSDT', 'PLT_RTD3', Rev: 2, Len: 53626 -> SSDT-3-PLT_RTD3.aml
5:272  0:019    5. 8FBF9000: 'RTMA', '_HBMART_', Rev: 1, Len: 158 -> RTMA.aml
5:287  0:014    6. 8FBF7000: 'SSDT', 'UcsiAcpi', Rev: 2, Len: 4995 -> SSDT-4-UcsiAcpi.aml
5:302  0:014    7. 8FBF6000: 'SSDT', 'UcsiCntr', Rev: 2, Len: 251 -> SSDT-5-UcsiCntr.aml
5:316  0:014    8. 8FBF4000: 'HPET', '84E9', Rev: 1, Len: 56 -> HPET.aml
5:331  0:014    9. 8FBF3000: 'APIC', '84E9', Rev: 3, Len: 300 -> APIC.aml
5:345  0:014    10. 8FBF2000: 'MCFG', '84E9', Rev: 1, Len: 60 -> MCFG.aml
5:360  0:014    11. 8FBF1000: 'MSDM', 'SLIC-BPC', Rev: 3, Len: 85 -> MSDM.aml
5:374  0:014    12. 8FBF0000: 'WSMT', '84E9', Rev: 1, Len: 40 -> WSMT.aml
5:389  0:014    13. 8FBC7000: 'SSDT', 'PtidDevc', Rev: 2, Len: 1862 -> SSDT-6-PtidDevc.aml
5:404  0:014    14. 8FBC6000: 'SSDT', 'HP_XHC_P', Rev: 2, Len: 2565 -> SSDT-7-HP_XHC_P.aml
5:418  0:014    15. 8FBC2000: 'SSDT', 'SaSsdt', Rev: 2, Len: 12525 -> SSDT-8-SaSsdt.aml
5:434  0:015    16. 8FBC1000: 'LPIT', 'CFL', Rev: 1, Len: 92 -> LPIT.aml
5:448  0:014    17. 8FBC0000: 'WSMT', 'CFL', Rev: 1, Len: 40 -> WSMT.aml
5:470  0:021    18. 8FBBF000: 'SSDT', 'Wwan', Rev: 2, Len: 1256 -> SSDT-9-Wwan.aml
5:485  0:014    19. 8FB16000: 'UEFI', 'CFL', Rev: 1, Len: 66 -> UEFI.aml
5:500  0:015    20. 8FC0D000: 'NHLT', 'CFL', Rev: 0, Len: 45 -> NHLT.aml
5:514  0:014    21. 8FBBD000: 'DMAR', 'CFL', Rev: 1, Len: 168 -> DMAR.aml
5:529  0:014    22. 8FBB7000: 'SSDT', 'HPTBT', Rev: 2, Len: 24240 -> SSDT-10-HPTBT.aml
5:543  0:014    23. 8FBB5000: 'SSDT', 'HPINNBWL', Rev: 1, Len: 5280 -> SSDT-11-HPINNBWL.aml
5:558  0:014    24. 8FBB4000: 'SSDT', 'HPCONDEV', Rev: 1, Len: 50 -> SSDT-12-HPCONDEV.aml
5:573  0:014    25. 8FBB3000: 'FPDT', 'CFL', Rev: 1, Len: 68 -> FPDT.aml
5:588  0:014    26. 8FBB2000: 'BGRT', 'CFL', Rev: 1, Len: 56 -> BGRT.aml
5:602  0:014    27. 8FC0C000: 'SSDT', 'PwrCtlEv', Rev: 2, Len: 761 -> SSDT-13-PwrCtlEv.aml
5:617  0:014    Tables in Rsdt: 28
5:617  0:000    0. 8FBF5000: 'FACP', 'SLIC-BPC', Rev: 6, Len: 276
5:617  0:000        (Dsdt: 8FBC8000, Facs: 8FB1B000, XDsdt: 8FBC8000, XFacs: 0)
5:617  0:000        8FBC8000: 'DSDT', '84E9', Rev: 2, Len: 160792
5:620  0:003        8FB1B000: 'FACS', Ver: 2, Len: 64
5:620  0:000    1. 8FC0B000: 'SSDT', 'ShmTable', Rev: 2, Len: 298
5:620  0:000    2. 8FC09000: 'SSDT', 'CpuSsdt', Rev: 2, Len: 6940
5:620  0:000    3. 8FC08000: 'SSDT', 'CtdpB', Rev: 2, Len: 2511
5:620  0:000    4. 8FBFA000: 'SSDT', 'PLT_RTD3', Rev: 2, Len: 53626
5:620  0:000    5. 8FBF9000: 'RTMA', '_HBMART_', Rev: 1, Len: 158
5:620  0:000    6. 8FBF7000: 'SSDT', 'UcsiAcpi', Rev: 2, Len: 4995
5:620  0:000    7. 8FBF6000: 'SSDT', 'UcsiCntr', Rev: 2, Len: 251
5:620  0:000    8. 8FBF4000: 'HPET', '84E9', Rev: 1, Len: 56
5:620  0:000    9. 8FBF3000: 'APIC', '84E9', Rev: 3, Len: 300
5:620  0:000    10. 8FBF2000: 'MCFG', '84E9', Rev: 1, Len: 60
5:620  0:000    11. 8FBF1000: 'MSDM', 'SLIC-BPC', Rev: 3, Len: 85
5:620  0:000    12. 8FBF0000: 'WSMT', '84E9', Rev: 1, Len: 40
5:620  0:000    13. 8FBC7000: 'SSDT', 'PtidDevc', Rev: 2, Len: 1862
5:620  0:000    14. 8FBC6000: 'SSDT', 'HP_XHC_P', Rev: 2, Len: 2565
5:620  0:000    15. 8FBC2000: 'SSDT', 'SaSsdt', Rev: 2, Len: 12525
5:620  0:000    16. 8FBC1000: 'LPIT', 'CFL', Rev: 1, Len: 92
5:620  0:000    17. 8FBC0000: 'WSMT', 'CFL', Rev: 1, Len: 40
5:620  0:000    18. 8FBBF000: 'SSDT', 'Wwan', Rev: 2, Len: 1256
5:620  0:000    19. 8FB16000: 'UEFI', 'CFL', Rev: 1, Len: 66
5:620  0:000    20. 8FC0D000: 'NHLT', 'CFL', Rev: 0, Len: 45
5:620  0:000    21. 8FBBD000: 'DMAR', 'CFL', Rev: 1, Len: 168
5:620  0:000    22. 8FBB7000: 'SSDT', 'HPTBT', Rev: 2, Len: 24240
5:620  0:000    23. 8FBB5000: 'SSDT', 'HPINNBWL', Rev: 1, Len: 5280
5:620  0:000    24. 8FBB4000: 'SSDT', 'HPCONDEV', Rev: 1, Len: 50
5:620  0:000    25. 8FBB3000: 'FPDT', 'CFL', Rev: 1, Len: 68
5:620  0:000    26. 8FBB2000: 'BGRT', 'CFL', Rev: 1, Len: 56
5:620  0:000    27. 8FC0C000: 'SSDT', 'PwrCtlEv', Rev: 2, Len: 761
5:620  0:000  Found UEFI Acpi 1.0 RSDP at 8FC0E000
5:620  0:000  Printing ACPI tables from RSDP 8FC0E000 ...
5:620  0:000   8FC0E000: 'RSD PTR ', Rev: 0 (Acpi 1.0), Len: 20
5:620  0:000    (Rsdt: 8FBBE000)
5:620  0:000    8FBBE000: 'RSDT', 'SLIC-BPC', Rev: 1, Len: 148
5:620  0:000    Tables in Rsdt: 28
5:620  0:000    0. 8FBF5000: 'FACP', 'SLIC-BPC', Rev: 6, Len: 276
5:620  0:000        (Dsdt: 8FBC8000, Facs: 8FB1B000, XDsdt: 8FBC8000, XFacs: 0)
5:620  0:000        8FBC8000: 'DSDT', '84E9', Rev: 2, Len: 160792
5:624  0:003        8FB1B000: 'FACS', Ver: 2, Len: 64
5:624  0:000    1. 8FC0B000: 'SSDT', 'ShmTable', Rev: 2, Len: 298
5:624  0:000    2. 8FC09000: 'SSDT', 'CpuSsdt', Rev: 2, Len: 6940
5:624  0:000    3. 8FC08000: 'SSDT', 'CtdpB', Rev: 2, Len: 2511
5:624  0:000    4. 8FBFA000: 'SSDT', 'PLT_RTD3', Rev: 2, Len: 53626
5:624  0:000    5. 8FBF9000: 'RTMA', '_HBMART_', Rev: 1, Len: 158
5:624  0:000    6. 8FBF7000: 'SSDT', 'UcsiAcpi', Rev: 2, Len: 4995
5:624  0:000    7. 8FBF6000: 'SSDT', 'UcsiCntr', Rev: 2, Len: 251
5:624  0:000    8. 8FBF4000: 'HPET', '84E9', Rev: 1, Len: 56
5:624  0:000    9. 8FBF3000: 'APIC', '84E9', Rev: 3, Len: 300
5:624  0:000    10. 8FBF2000: 'MCFG', '84E9', Rev: 1, Len: 60
5:624  0:000    11. 8FBF1000: 'MSDM', 'SLIC-BPC', Rev: 3, Len: 85
5:624  0:000    12. 8FBF0000: 'WSMT', '84E9', Rev: 1, Len: 40
5:624  0:000    13. 8FBC7000: 'SSDT', 'PtidDevc', Rev: 2, Len: 1862
5:624  0:000    14. 8FBC6000: 'SSDT', 'HP_XHC_P', Rev: 2, Len: 2565
5:624  0:000    15. 8FBC2000: 'SSDT', 'SaSsdt', Rev: 2, Len: 12525
5:624  0:000    16. 8FBC1000: 'LPIT', 'CFL', Rev: 1, Len: 92
5:624  0:000    17. 8FBC0000: 'WSMT', 'CFL', Rev: 1, Len: 40
5:624  0:000    18. 8FBBF000: 'SSDT', 'Wwan', Rev: 2, Len: 1256
5:624  0:000    19. 8FB16000: 'UEFI', 'CFL', Rev: 1, Len: 66
5:624  0:000    20. 8FC0D000: 'NHLT', 'CFL', Rev: 0, Len: 45
5:624  0:000    21. 8FBBD000: 'DMAR', 'CFL', Rev: 1, Len: 168
5:624  0:000    22. 8FBB7000: 'SSDT', 'HPTBT', Rev: 2, Len: 24240
5:624  0:000    23. 8FBB5000: 'SSDT', 'HPINNBWL', Rev: 1, Len: 5280
5:624  0:000    24. 8FBB4000: 'SSDT', 'HPCONDEV', Rev: 1, Len: 50
5:624  0:000    25. 8FBB3000: 'FPDT', 'CFL', Rev: 1, Len: 68
5:624  0:000    26. 8FBB2000: 'BGRT', 'CFL', Rev: 1, Len: 56
5:624  0:000    27. 8FC0C000: 'SSDT', 'PwrCtlEv', Rev: 2, Len: 761
15:090  9:465  BootVariable of the entry is empty
15:090  0:000  === [ StartLoader ] =======================================
15:090  0:000  Finally: ExternalClock=26MHz BusSpeed=100367kHz CPUFreq=2208MHz PIS: hw.busfrequency=104000000Hz
15:090  0:000  Loading boot.efi  status=Success
15:110  0:020  GetOSVersion: 10.13.6 (17G4015)
15:110  0:000  CSR_CFG: CSR_ALLOW_UNTRUSTED_KEXTS | CSR_ALLOW_UNRESTRICTED_FS | CSR_ALLOW_TASK_FOR_PID | CSR_ALLOW_UNRESTRICTED_DTRACE | CSR_ALLOW_UNRESTRICTED_NVRAM
15:110  0:000  Filtering KextPatches:
15:110  0:000   - [00]: com.apple.driver.AppleBacklight (change F%uT%04x to F%uTxxxx in AppleBacklightInjector.kext (credit RehabMan)) :: BinPatch :: [OS: 10.13.6 | MatchOS: All | MatchBuild: All] ==> disabled by user
15:110  0:000   - [01]: com.apple.driver.AppleIntelBDWGraphicsFramebuffer (Disable minStolenSize less or equal fStolenMemorySize assertion, 10.10.x (based on Austere.J patch)) :: BinPatch :: [OS: 10.13.6 | MatchOS: 10.10.x | MatchBuild: All] ==> disabled by user
15:110  0:000   - [02]: com.apple.driver.AppleIntelBDWGraphicsFramebuffer (Disable minStolenSize less or equal fStolenMemorySize assertion, 10.11.beta (based on Austere.J patch)) :: BinPatch :: [OS: 10.13.6 | MatchOS: 10.11.x | MatchBuild: All] ==> disabled by user
15:110  0:000   - [03]: com.apple.driver.AppleIntelBDWGraphicsFramebuffer (Disable minStolenSize less or equal fStolenMemorySize assertion, 10.12.0 (based on Austere.J patch)) :: BinPatch :: [OS: 10.13.6 | MatchOS: 10.12.x | MatchBuild: All] ==> disabled by user
15:110  0:000   - [04]: com.apple.driver.AppleIntelBDWGraphicsFramebuffer (Disable minStolenSize less or equal fStolenMemorySize assertion, 10.13.0/1 (credit PMHeart)) :: BinPatch :: [OS: 10.13.6 | MatchOS: 10.13.0,10.13.1 | MatchBuild: All] ==> disabled by user
15:110  0:000   - [05]: com.apple.driver.AppleIntelBDWGraphicsFramebuffer (Disable minStolenSize less or equal fStolenMemorySize assertion, 10.13.2/3/4 (credit RehabMan)) :: BinPatch :: [OS: 10.13.6 | MatchOS: 10.13.2,10.13.3,10.13.4 | MatchBuild: All] ==> disabled by user
15:110  0:000   - [06]: com.apple.driver.AppleIntelSKLGraphicsFramebuffer (Disable minStolenSize less or equal fStolenMemorySize assertion, 10.11.4 (based on Austere.J patch)) :: BinPatch :: [OS: 10.13.6 | MatchOS: 10.11.x | MatchBuild: All] ==> disabled by user
15:110  0:000   - [07]: com.apple.driver.AppleIntelSKLGraphicsFramebuffer (Disable minStolenSize less or equal fStolenMemorySize assertion, 10.12.0 (based on Austere.J patch)) :: BinPatch :: [OS: 10.13.6 | MatchOS: 10.12.x | MatchBuild: All] ==> disabled by user
15:110  0:000   - [08]: com.apple.driver.AppleIntelSKLGraphicsFramebuffer (Disable minStolenSize less or equal fStolenMemorySize assertion, 10.13.0/1 (credit PMHeart)) :: BinPatch :: [OS: 10.13.6 | MatchOS: 10.13.0,10.13.1 | MatchBuild: All] ==> disabled by user
15:110  0:000   - [09]: com.apple.driver.AppleIntelSKLGraphicsFramebuffer (Disable minStolenSize less or equal fStolenMemorySize assertion, 10.13.2/3 (credit PMHeart, , shdkpr2008)) :: BinPatch :: [OS: 10.13.6 | MatchOS: 10.13.2,10.13.3,10.13.4 | MatchBuild: All] ==> disabled by user
15:110  0:000   - [10]: com.apple.driver.AppleIntelKBLGraphicsFramebuffer (Disable minStolenSize less or equal fStolenMemorySize assertion, 10.13.0/1 (credit PMHeart)) :: BinPatch :: [OS: 10.13.6 | MatchOS: 10.13.0,10.13.1 | MatchBuild: All] ==> disabled by user
15:110  0:000   - [11]: com.apple.driver.AppleIntelKBLGraphicsFramebuffer (Disable minStolenSize less or equal fStolenMemorySize assertion, 10.13.2/3 (credit RehabMan)) :: BinPatch :: [OS: 10.13.6 | MatchOS: 10.13.2,10.13.3,10.13.4 | MatchBuild: All] ==> disabled by user
15:110  0:000   - [12]: AppleUSBXHCI (USB Port Limit Patch ¬©PMHeart) :: BinPatch :: [OS: 10.13.6 | MatchOS: All | MatchBuild: All] ==> allowed
15:110  0:000  Will not patch boot.efi
15:110  0:000  EmuVariable InstallEmulation: orig vars copied, emu.var.services installed, CreateEvent VirtualAddressChange = Success, CreateEvent ExitBootServices = Success, set Status=Success
15:201  0:090  === [ PatchSmbios ] =======================================
15:201  0:000  insert table 9 for dev 14:3
15:201  0:000  Trusting SMBIOS...
15:201  0:000  Detected alternating SMBIOS channel banks
15:201  0:000  Channels: 2
15:201  0:000  Interleave: 0 2 1 3 4 6 5 7 8 10 9 11 12 14 13 15 16 18 17 19 20 22 21 23
15:201  0:000   partNum=8ATF1G64HZ-2G6E1    
15:201  0:000  SMBIOS Type 17 Index = 0 => 0 0:
15:201  0:000  BANK 0 DIMM0 2667MHz 8192MB
15:201  0:000   partNum=8ATF1G64HZ-2G6H1    
15:201  0:000  SMBIOS Type 17 Index = 1 => 1 2:
15:201  0:000  BANK 1 DIMM0 2667MHz 8192MB
15:201  0:000  mTotalSystemMemory = 16384
15:201  0:000  NumberOfMemoryDevices = 2
15:201  0:000  Type20[0]->End = 0x7FFFFF, Type17[0] = 0x2000
15:201  0:000  Type20[1]->End = 0xFFFFFF, Type17[1] = 0x6000
15:201  0:000  Table 131 is present, CPUType=31
15:201  0:000  Change to: 705
15:201  0:000  === [ PatchACPI ] =========================================
15:201  0:000  Xsdt reallocation done
15:201  0:000  old FADT length=114
15:201  0:000   SignatureFixup: 0x1F70B4EE -> 0x0
15:202  0:000  DSDT found in Clover volume OEM folder: EFI\CLOVER\ACPI\patched\DSDT.aml
15:203  0:001  Apply DsdtFixMask=0x00060054
15:203  0:000     drop _DSM mask=0xFFFF
15:203  0:000  === [ FixBiosDsdt ] =======================================
15:214  0:011  Patching DSDT:
15:214  0:000   - [change SAT0 to SATA]: pattern 53415430, patched at: [ (A7E) (16) (16) (16) (16) (16) (16) (16) (16) (16) (16) (16) (16) (16) (16) (16) (16) (16) (16) (12) (15943) (261B) (27) (28) (28) (28) (28) (28) (29) (29) (29) (29) (29) (31) (27) (28) (28) (28) (28) (28) (29) (29) (29) (29) (29) (C3FD) (14) (17) (14) (17) (14) (17) (14) (17) (14) (17) (14) ]
15:214  0:000   - [change HECI to IMEI]: pattern 48454349, patched at: [ (1C8F6) ]
15:214  0:000   - [change HDAS to HDEF]: pattern 48444153, patched at: [ (3BA) (12) (12) (FCC4) (76) (3F) (66) (A7) (FE) (89) ]
15:215  0:000   - [change EC0 to EC]: pattern 4543305F, patched at: [ (44C) (16) (16) (16) (16) (16) (16) (16) (16) (16) (50E9) (22) (23) (24) (22) (28) (22) (5E) (1F) (35) (2C) (38) (2C) (38) (2C) (38) (2C) (38) (2C) (39) (2D) (39) (2D) (38) (2D) (38) (1D) (38) (2B) (38) (2C) (52) (2C) (51) (2C) (39) (19) (19) (23) (25) (6D) (16) (17) (17) (1F) (121) (37) (B9) (12) (23) (1B) (22) (1B) (28) (12) (63) (12) (14) (17) (12) (52) (12) (1E) (12) (15) (12) (96) (12) (1A) (11) (24) (11) (1B) (1A0) (12) (15) (11) (1A) (135) (11) (3D) (11) (2F) (13) (12) (13) (66) (16) (2A) (54) (14) (1C) (17) (22) (13) (17) (1A) (22) (20) (E8) (12) (25) (18) (F7) (15) (1F) (19) (1A) (1C) (15) (32) (18) (32) (14) (11) (1A) (31) (14) (1C) (18) (211) (2F) (1C) (1A) (25) (E7) (28) (139) (10) (29) (1C) (12) (23) (13) (40) (1A) (1A) (31) (15) (1F) (1C) (19) (1B) (1C) (15) (74) (15) (13) (17) (18) (24) (12) (17) (12) (62) (2B) (52) (2F) (457A) (21) (33) (BD) (BD) (BD) (F1) (10B) (D7) (ED) (136) (60) (6B) (1D) (12F) (4A) (3D) (D5) (18) (81) (100BB) (1B47) (51) (335) (560) (15) (17) (15) (1D) (15) (17) (15) (1B) (16) (15) (17) (18) (15) (54) (16) (14) (18) (15) (25C3) (8F) (15) (17) (14) (16) (A0) (AB) (17) (21) (15) (15) (31C) (15) (16) (16) (37) (15) (1B) (1D) (16) (23) (15) (1B) (1D) (16) (23) (15) (16) (16) (8D) (15) (1A) (13) (19) (650) (3269) (18) (1B) (27) (18) (1B) (1EF) (36) (11) (F) (56) (4F) (11) (F) (21) (10) ]
15:215  0:000   - [RTC fix]: pattern 47017000, patched at: [ (1EC80) ]
15:215  0:000   - [change _OSI to XOSI]: pattern 5F4F5349, patched at: [ (11E0) (3) (F) (17) (1B) (1B) (17) (17) (17) (17) (17) (17) (1EF79) (3) (11) (18) (1C) (1C) (1A) (18) (18) (18) (18) (1152) ]
15:216  0:000   - [change GFX0 to IGPU]: pattern 47465830, patched at: [ (248) (E) (12) (12) (12) (12) (12) (12) (12) (12) (12) (12) (12) (12) (12) (12) (12) (B17) (9) (9) (9) (9) (9) (9) (9) (9) (9) (9) (9) (9) (9) (9) (9) (9) (9) (9) (9) (A070) (49B) (13) (14) (2A) (41) (2C) (2E) (1E) (1C) (26) (29) (2A) (31) (24) (F) (29) (3F) (18) (37) (17) (19) (23) (1E) (35) (27) (1A) (15756) (D) (1E) (7) ]
15:216  0:000    0 replacements
15:218  0:001  found RTC Length not match, Maybe will cause CMOS reset, will patch it.
15:218  0:000  found RTC had IRQNoFlag will move -3 bytes
15:219  0:001  found PIC had IRQNoFlag will move -3 bytes
15:219  0:000  Start HPET Fix
15:221  0:001  PreCleanup XSDT: count=28, length=260
15:221  0:000  PreCleanup XSDT, corrected XSDT: count=28, length=260
15:221  0:000  === [ ACPIDropTables ] ====================================
15:221  0:000  0. [change SAT0 to SATA]: pattern 53415430, bin not found / already patched!
15:221  0:000  1. [change HECI to IMEI]: pattern 48454349, bin not found / already patched!
15:221  0:000  2. [change HDAS to HDEF]: pattern 48444153, bin not found / already patched!
15:221  0:000  3. [change EC0 to EC]: pattern 4543305F, bin not found / already patched!
15:221  0:000  4. [RTC fix]: pattern 47017000, bin not found / already patched!
15:221  0:000  5. [change _OSI to XOSI]: pattern 5F4F5349, bin not found / already patched!
15:221  0:000  6. [change GFX0 to IGPU]: pattern 47465830, bin not found / already patched!
15:221  0:000    0 replacements
15:221  0:000  0. [change SAT0 to SATA]: pattern 53415430, bin not found / already patched!
15:221  0:000  1. [change HECI to IMEI]: pattern 48454349, bin not found / already patched!
15:221  0:000  2. [change HDAS to HDEF]: pattern 48444153, bin not found / already patched!
15:221  0:000  3. [change EC0 to EC]: pattern 4543305F, bin not found / already patched!
15:221  0:000  4. [RTC fix]: pattern 47017000, bin not found / already patched!
15:221  0:000  5. [change _OSI to XOSI]: pattern 5F4F5349, bin not found / already patched!
15:221  0:000  6. [change GFX0 to IGPU]: pattern 47465830, bin not found / already patched!
15:221  0:000    0 replacements
15:221  0:000  Found OperationRegion(PNVS, SystemMemory, 8FDD4000, ...)
15:221  0:000  0. [change SAT0 to SATA]: pattern 53415430, bin not found / already patched!
15:221  0:000  1. [change HECI to IMEI]: pattern 48454349, bin not found / already patched!
15:221  0:000  2. [change HDAS to HDEF]: pattern 48444153, bin not found / already patched!
15:221  0:000  3. [change EC0 to EC]: pattern 4543305F, bin not found / already patched!
15:221  0:000  4. [RTC fix]: pattern 47017000, bin not found / already patched!
15:221  0:000  5. [change _OSI to XOSI]: pattern 5F4F5349, bin not found / already patched!
15:221  0:000  6. [change GFX0 to IGPU]: pattern 47465830, bin not found / already patched!
15:221  0:000    0 replacements
15:221  0:000  0. [change SAT0 to SATA]: pattern 53415430, patched at: [ (3B) (E) (12) (12) (12) (12) (12) (C410) (197) (10) (4A) (197) (10) (4B) (197) (10) (4B) (197) (10) (4B) (197) (10) (4B) (197) (10) (4D) (1A) (1A) (1A) (1A) (1A) ]
15:221  0:000  1. [change HECI to IMEI]: pattern 48454349, bin not found / already patched!
15:221  0:000  2. [change HDAS to HDEF]: pattern 48444153, bin not found / already patched!
15:221  0:000  3. [change EC0 to EC]: pattern 4543305F, bin not found / already patched!
15:221  0:000  4. [RTC fix]: pattern 47017000, bin not found / already patched!
15:221  0:000  5. [change _OSI to XOSI]: pattern 5F4F5349, bin not found / already patched!
15:221  0:000  6. [change GFX0 to IGPU]: pattern 47465830, bin not found / already patched!
15:221  0:000    0 replacements
15:221  0:000  Found OperationRegion(R3NV, SystemMemory, 8FB2A018, ...)
15:223  0:001  0. [change SAT0 to SATA]: pattern 53415430, bin not found / already patched!
15:223  0:000  1. [change HECI to IMEI]: pattern 48454349, bin not found / already patched!
15:223  0:000  2. [change HDAS to HDEF]: pattern 48444153, bin not found / already patched!
15:223  0:000  3. [change EC0 to EC]: pattern 4543305F, patched at: [ (43) (12) (16) (16) (18) (59) (17) (40) (50C) (2F) (20) (16) (2BC) (1F) (37) (30) (387) (17) (19) (15) (156) (18) (16) (11D) ]
15:223  0:000  4. [RTC fix]: pattern 47017000, bin not found / already patched!
15:223  0:000  5. [change _OSI to XOSI]: pattern 5F4F5349, bin not found / already patched!
15:223  0:000  6. [change GFX0 to IGPU]: pattern 47465830, bin not found / already patched!
15:223  0:000    0 replacements
15:223  0:000  Found OperationRegion(USBC, SystemMemory, 8FB22000, ...)
15:223  0:000  0. [change SAT0 to SATA]: pattern 53415430, bin not found / already patched!
15:223  0:000  1. [change HECI to IMEI]: pattern 48454349, bin not found / already patched!
15:223  0:000  2. [change HDAS to HDEF]: pattern 48444153, bin not found / already patched!
15:223  0:000  3. [change EC0 to EC]: pattern 4543305F, bin not found / already patched!
15:223  0:000  4. [RTC fix]: pattern 47017000, bin not found / already patched!
15:223  0:000  5. [change _OSI to XOSI]: pattern 5F4F5349, bin not found / already patched!
15:223  0:000  6. [change GFX0 to IGPU]: pattern 47465830, bin not found / already patched!
15:223  0:000    0 replacements
15:223  0:000  0. [change SAT0 to SATA]: pattern 53415430, bin not found / already patched!
15:223  0:000  1. [change HECI to IMEI]: pattern 48454349, bin not found / already patched!
15:223  0:000  2. [change HDAS to HDEF]: pattern 48444153, bin not found / already patched!
15:223  0:000  3. [change EC0 to EC]: pattern 4543305F, bin not found / already patched!
15:223  0:000  4. [RTC fix]: pattern 47017000, bin not found / already patched!
15:223  0:000  5. [change _OSI to XOSI]: pattern 5F4F5349, bin not found / already patched!
15:223  0:000  6. [change GFX0 to IGPU]: pattern 47465830, bin not found / already patched!
15:223  0:000    0 replacements
15:223  0:000  0. [change SAT0 to SATA]: pattern 53415430, bin not found / already patched!
15:223  0:000  1. [change HECI to IMEI]: pattern 48454349, bin not found / already patched!
15:223  0:000  2. [change HDAS to HDEF]: pattern 48444153, bin not found / already patched!
15:223  0:000  3. [change EC0 to EC]: pattern 4543305F, bin not found / already patched!
15:223  0:000  4. [RTC fix]: pattern 47017000, bin not found / already patched!
15:223  0:000  5. [change _OSI to XOSI]: pattern 5F4F5349, bin not found / already patched!
15:223  0:000  6. [change GFX0 to IGPU]: pattern 47465830, bin not found / already patched!
15:223  0:000    0 replacements
15:223  0:000  0. [change SAT0 to SATA]: pattern 53415430, bin not found / already patched!
15:223  0:000  1. [change HECI to IMEI]: pattern 48454349, bin not found / already patched!
15:223  0:000  2. [change HDAS to HDEF]: pattern 48444153, bin not found / already patched!
15:223  0:000  3. [change EC0 to EC]: pattern 4543305F, bin not found / already patched!
15:223  0:000  4. [RTC fix]: pattern 47017000, bin not found / already patched!
15:223  0:000  5. [change _OSI to XOSI]: pattern 5F4F5349, bin not found / already patched!
15:223  0:000  6. [change GFX0 to IGPU]: pattern 47465830, patched at: [ (2D) (32) (12) (46) (12) (2C1) (25C0) (1D) (6CA) ]
15:223  0:000    0 replacements
15:223  0:000  Found OperationRegion(SANV, SystemMemory, 8FB2AD18, ...)
15:223  0:000  0. [change SAT0 to SATA]: pattern 53415430, bin not found / already patched!
15:223  0:000  1. [change HECI to IMEI]: pattern 48454349, bin not found / already patched!
15:223  0:000  2. [change HDAS to HDEF]: pattern 48444153, bin not found / already patched!
15:223  0:000  3. [change EC0 to EC]: pattern 4543305F, bin not found / already patched!
15:223  0:000  4. [RTC fix]: pattern 47017000, bin not found / already patched!
15:223  0:000  5. [change _OSI to XOSI]: pattern 5F4F5349, bin not found / already patched!
15:223  0:000  6. [change GFX0 to IGPU]: pattern 47465830, bin not found / already patched!
15:223  0:000    0 replacements
15:223  0:000  0. [change SAT0 to SATA]: pattern 53415430, bin not found / already patched!
15:223  0:000  1. [change HECI to IMEI]: pattern 48454349, bin not found / already patched!
15:223  0:000  2. [change HDAS to HDEF]: pattern 48444153, bin not found / already patched!
15:223  0:000  3. [change EC0 to EC]: pattern 4543305F, bin not found / already patched!
15:223  0:000  4. [RTC fix]: pattern 47017000, bin not found / already patched!
15:223  0:000  5. [change _OSI to XOSI]: pattern 5F4F5349, bin not found / already patched!
15:223  0:000  6. [change GFX0 to IGPU]: pattern 47465830, bin not found / already patched!
15:223  0:000    0 replacements
15:223  0:000  Found OperationRegion(BNVS, SystemMemory, 8FB1D000, ...)
15:223  0:000  0. [change SAT0 to SATA]: pattern 53415430, bin not found / already patched!
15:223  0:000  1. [change HECI to IMEI]: pattern 48454349, bin not found / already patched!
15:224  0:000  2. [change HDAS to HDEF]: pattern 48444153, bin not found / already patched!
15:224  0:000  3. [change EC0 to EC]: pattern 4543305F, bin not found / already patched!
15:224  0:000  4. [RTC fix]: pattern 47017000, bin not found / already patched!
15:224  0:000  5. [change _OSI to XOSI]: pattern 5F4F5349, bin not found / already patched!
15:224  0:000  6. [change GFX0 to IGPU]: pattern 47465830, bin not found / already patched!
15:224  0:000    0 replacements
15:224  0:000  0. [change SAT0 to SATA]: pattern 53415430, bin not found / already patched!
15:224  0:000  1. [change HECI to IMEI]: pattern 48454349, bin not found / already patched!
15:224  0:000  2. [change HDAS to HDEF]: pattern 48444153, bin not found / already patched!
15:224  0:000  3. [change EC0 to EC]: pattern 4543305F, bin not found / already patched!
15:224  0:000  4. [RTC fix]: pattern 47017000, bin not found / already patched!
15:224  0:000  5. [change _OSI to XOSI]: pattern 5F4F5349, bin not found / already patched!
15:224  0:000  6. [change GFX0 to IGPU]: pattern 47465830, bin not found / already patched!
15:224  0:000    0 replacements
15:224  0:000  0. [change SAT0 to SATA]: pattern 53415430, bin not found / already patched!
15:224  0:000  1. [change HECI to IMEI]: pattern 48454349, bin not found / already patched!
15:224  0:000  2. [change HDAS to HDEF]: pattern 48444153, bin not found / already patched!
15:224  0:000  3. [change EC0 to EC]: pattern 4543305F, patched at: [ (43) (12) (16) (16) (2A) (47) (27) (22) (23) (34) (38) (37) (46) (45) (19) ]
15:224  0:000  4. [RTC fix]: pattern 47017000, bin not found / already patched!
15:224  0:000  5. [change _OSI to XOSI]: pattern 5F4F5349, bin not found / already patched!
15:224  0:000  6. [change GFX0 to IGPU]: pattern 47465830, bin not found / already patched!
15:224  0:000    0 replacements
15:224  0:000  Found OperationRegion(HPSF, SystemMemory, 8FB0F000, ...)
15:224  0:000  === [ ACPIPatchedAML ] ====================================
15:224  0:000  Unsorted
15:224  0:000  Inserting SSDT-XOSI.aml from EFI\CLOVER\ACPI\patched: size=73 ... Success
15:224  0:000  Inserting SSDT-UIAC.aml from EFI\CLOVER\ACPI\patched: size=465 ... Success
15:224  0:000  Inserting SSDT-RMNE.aml from EFI\CLOVER\ACPI\patched: size=212 ... Success
15:224  0:000  Inserting SSDT-PNLF.aml from EFI\CLOVER\ACPI\patched: size=429 ... Success
15:224  0:000  Inserting SSDT-ALS0.aml from EFI\CLOVER\ACPI\patched: size=101 ... Success
15:224  0:000  CPUBase=0 and ApicCPUBase=1 ApicCPUNum=16
15:224  0:000  Maximum control=0x16
15:224  0:000  Turbo control=0x29
15:224  0:000  P-States: min 0x8, max 0x29
15:224  0:000  SSDT with CPU P-States and plugin-type generated successfully
15:224  0:000  SSDT with CPU C-States generated successfully
15:224  0:000  Cleanup XSDT: count=35, length=316
15:224  0:000  corrected XSDT count=35, length=316
15:224  0:000  === [ RestSetup macOS ] ===================================
15:224  0:000  EdidDiscovered size=128
15:224  0:000  --- Discovered EDID Table size:128
15:224  0:000  000  |  00  FF  FF  FF  FF  FF  FF  00  30  E4
15:224  0:000  010  |  A9  05  00  00  00  00  00  1B  01  04
15:224  0:000  020  |  95  22  13  78  02  EE  95  A3  54  4C
15:224  0:000  030  |  99  26  0F  50  54  00  00  00  01  01
15:224  0:000  040  |  01  01  01  01  01  01  01  01  01  01
15:224  0:000  050  |  01  01  01  01  24  36  80  A0  70  38
15:224  0:000  060  |  1F  40  30  20  35  00  58  C2  10  00
15:224  0:000  070  |  00  19  18  24  80  A0  70  38  1F  40
15:224  0:000  080  |  30  20  35  00  58  C2  10  00  00  19
15:224  0:000  090  |  00  00  00  00  00  00  00  00  00  00
15:224  0:000  100  |  00  00  00  00  00  00  00  00  00  00
15:224  0:000  110  |  00  02  00  0C  26  FF  14  3C  C8  17
15:224  0:000  120  |  15  38  C8  00  00  00  00  AD
15:224  0:000  Intel GFX injection not set
15:225  0:000   RCBA disabled; cannot use it
15:225  0:000  CurrentMode: Width=1920 Height=1080
15:225  0:000  Beginning FSInjection
FSInjectionInstall ...
- Our FSI_SIMPLE_FILE_SYSTEM_PROTOCOL installed on handle: 882A3C98
FSInjectionInstall ...
- Our FSI_SIMPLE_FILE_SYSTEM_PROTOCOL installed on handle: 882A3C98
15:226  0:000  Use origin smbios table type 1 guid.
15:233  0:007  Preparing kexts injection for arch=x86_64 from EFI\CLOVER\kexts\Other
15:233  0:000  Extra kext: EFI\CLOVER\kexts\Other\FakeSMC.kext (v.1800)
15:236  0:002  Extra kext: EFI\CLOVER\kexts\Other\VoodooPS2Controller.kext (v.1.9.2)
15:240  0:003    |-- PlugIn kext: EFI\CLOVER\kexts\Other\VoodooPS2Controller.kext\Contents\PlugIns\VoodooPS2Mouse.kext (v.1.9.2)
15:242  0:002    |-- PlugIn kext: EFI\CLOVER\kexts\Other\VoodooPS2Controller.kext\Contents\PlugIns\VoodooPS2Keyboard.kext (v.1.9.2)
15:246  0:003    |-- PlugIn kext: EFI\CLOVER\kexts\Other\VoodooPS2Controller.kext\Contents\PlugIns\VoodooPS2Trackpad.kext (v.1.9.2)
15:249  0:002  Extra kext: EFI\CLOVER\kexts\Other\USBInjectAll.kext (v.0.6.6)
15:315  0:066  Extra kext: EFI\CLOVER\kexts\Other\NoTouchID.kext (v.1.0.1)
15:317  0:001  Extra kext: EFI\CLOVER\kexts\Other\BrcmPatchRAM2.kext (v.2.2.7)
15:336  0:018  Extra kext: EFI\CLOVER\kexts\Other\BrcmFirmwareData.kext (v.2.2.7)
15:343  0:007  Extra kext: EFI\CLOVER\kexts\Other\AppleBacklightInjector.kext (v.0.9.0)
15:344  0:000  Extra kext: EFI\CLOVER\kexts\Other\Lilu.kext (v.1.2.8)
15:347  0:003  Extra kext: EFI\CLOVER\kexts\Other\VoodooHDA.kext (v.2.9.1)
15:352  0:004  Extra kext: EFI\CLOVER\kexts\Other\ACPIBatteryManager.kext (v.1.90.1)
15:354  0:001  Extra kext: EFI\CLOVER\kexts\Other\WhateverGreen.kext (v.1.2.5)
15:360  0:006  SetScreenResolution: 1920x1080 - already set
15:360  0:000  Custom boot is disabled
15:361  0:000  Closing log
